<?xml version="1.0" encoding="UTF-8"?>
<!-- Generated by org.testng.reporters.JUnitReportReporter -->
<testsuite hostname="Srinivasulu" failures="0" tests="2" name="com.qa.freshii.testcases.SignUpFunctionality" time="24.344" errors="0" timestamp="2023-06-05T06:32:18 IST" skipped="0">
  <testcase classname="com.qa.freshii.testcases.SignUpFunctionality" name="findStorePopUp" time="0.262"/>
  <system-out/>
  <testcase classname="com.qa.freshii.testcases.SignUpFunctionality" name="signUpToFreshii" time="24.082"/>
  <system-out/>
</testsuite> <!-- com.qa.freshii.testcases.SignUpFunctionality -->
