<?xml version="1.0" encoding="UTF-8"?>
<!-- Generated by org.testng.reporters.JUnitReportReporter -->
<testsuite hostname="Srinivasulu" failures="0" tests="1" name="com.qa.freshii.testcases.SignUpFunctionality" time="54.747" errors="0" timestamp="2023-07-03T22:49:21 IST" skipped="0">
  <testcase classname="com.qa.freshii.testcases.SignUpFunctionality" name="signUpToFreshii" time="54.747"/>
  <system-out/>
</testsuite> <!-- com.qa.freshii.testcases.SignUpFunctionality -->
